<?xml version="1.0" encoding="UTF-8"?>
<coverage generated="1695219996605" clover="3.2.0">
  <project timestamp="1695219996605" name="All files">
    <metrics statements="251" coveredstatements="218" conditionals="111" coveredconditionals="94" methods="42" coveredmethods="41" elements="404" coveredelements="353" complexity="0" loc="251" ncloc="251" packages="1" files="4" classes="4"/>
    <file name="Card.tsx" path="C:\dev\pokerhandsTS\src\Card.tsx">
      <metrics statements="47" coveredstatements="43" conditionals="20" coveredconditionals="18" methods="6" coveredmethods="6"/>
      <line num="1" count="2" type="cond" truecount="2" falsecount="0"/>
      <line num="2" count="2" type="stmt"/>
      <line num="3" count="2" type="stmt"/>
      <line num="4" count="2" type="stmt"/>
      <line num="5" count="2" type="stmt"/>
      <line num="8" count="2" type="cond" truecount="2" falsecount="0"/>
      <line num="9" count="2" type="stmt"/>
      <line num="10" count="2" type="stmt"/>
      <line num="11" count="2" type="stmt"/>
      <line num="12" count="2" type="stmt"/>
      <line num="13" count="2" type="stmt"/>
      <line num="14" count="2" type="stmt"/>
      <line num="15" count="2" type="stmt"/>
      <line num="16" count="2" type="stmt"/>
      <line num="17" count="2" type="stmt"/>
      <line num="18" count="2" type="stmt"/>
      <line num="19" count="2" type="stmt"/>
      <line num="20" count="2" type="stmt"/>
      <line num="21" count="2" type="stmt"/>
      <line num="30" count="1132" type="stmt"/>
      <line num="31" count="1132" type="stmt"/>
      <line num="35" count="102" type="stmt"/>
      <line num="39" count="1070" type="stmt"/>
      <line num="44" count="45" type="cond" truecount="4" falsecount="0"/>
      <line num="46" count="9" type="stmt"/>
      <line num="47" count="9" type="stmt"/>
      <line num="49" count="9" type="stmt"/>
      <line num="50" count="9" type="stmt"/>
      <line num="52" count="13" type="stmt"/>
      <line num="53" count="13" type="stmt"/>
      <line num="55" count="14" type="stmt"/>
      <line num="56" count="14" type="stmt"/>
      <line num="59" count="45" type="cond" truecount="3" falsecount="2"/>
      <line num="61" count="0" type="stmt"/>
      <line num="62" count="0" type="stmt"/>
      <line num="64" count="0" type="stmt"/>
      <line num="65" count="0" type="stmt"/>
      <line num="67" count="1" type="stmt"/>
      <line num="68" count="1" type="stmt"/>
      <line num="70" count="5" type="stmt"/>
      <line num="71" count="5" type="stmt"/>
      <line num="73" count="2" type="stmt"/>
      <line num="74" count="2" type="stmt"/>
      <line num="76" count="45" type="cond" truecount="2" falsecount="0"/>
      <line num="83" count="8" type="stmt"/>
      <line num="85" count="37" type="stmt"/>
      <line num="90" count="2" type="stmt"/>
    </file>
    <file name="Deck.tsx" path="C:\dev\pokerhandsTS\src\Deck.tsx">
      <metrics statements="20" coveredstatements="20" conditionals="0" coveredconditionals="0" methods="7" coveredmethods="7"/>
      <line num="1" count="2" type="stmt"/>
      <line num="2" count="2" type="stmt"/>
      <line num="11" count="20" type="stmt"/>
      <line num="13" count="20" type="stmt"/>
      <line num="17" count="20" type="stmt"/>
      <line num="23" count="20" type="stmt"/>
      <line num="24" count="80" type="stmt"/>
      <line num="26" count="2080" type="stmt"/>
      <line num="29" count="1040" type="stmt"/>
      <line num="30" count="1040" type="stmt"/>
      <line num="31" count="1040" type="stmt"/>
      <line num="32" count="1040" type="stmt"/>
      <line num="33" count="1040" type="stmt"/>
      <line num="40" count="20" type="stmt"/>
      <line num="41" count="20" type="stmt"/>
      <line num="42" count="1020" type="stmt"/>
      <line num="43" count="1020" type="stmt"/>
      <line num="44" count="1020" type="stmt"/>
      <line num="45" count="1020" type="stmt"/>
      <line num="50" count="2" type="stmt"/>
    </file>
    <file name="Game.tsx" path="C:\dev\pokerhandsTS\src\Game.tsx">
      <metrics statements="43" coveredstatements="39" conditionals="19" coveredconditionals="16" methods="4" coveredmethods="4"/>
      <line num="7" count="2" type="stmt"/>
      <line num="8" count="2" type="stmt"/>
      <line num="9" count="8" type="stmt"/>
      <line num="10" count="2" type="stmt"/>
      <line num="11" count="2" type="stmt"/>
      <line num="12" count="8" type="stmt"/>
      <line num="14" count="2" type="stmt"/>
      <line num="15" count="2" type="stmt"/>
      <line num="16" count="7" type="cond" truecount="5" falsecount="0"/>
      <line num="17" count="1" type="stmt"/>
      <line num="18" count="1" type="stmt"/>
      <line num="19" count="6" type="cond" truecount="3" falsecount="1"/>
      <line num="20" count="0" type="stmt"/>
      <line num="21" count="0" type="stmt"/>
      <line num="24" count="1" type="stmt"/>
      <line num="29" count="4" type="stmt"/>
      <line num="30" count="4" type="stmt"/>
      <line num="31" count="4" type="stmt"/>
      <line num="32" count="4" type="stmt"/>
      <line num="33" count="4" type="stmt"/>
      <line num="34" count="4" type="stmt"/>
      <line num="35" count="4" type="stmt"/>
      <line num="36" count="4" type="stmt"/>
      <line num="37" count="4" type="stmt"/>
      <line num="40" count="4" type="cond" truecount="2" falsecount="0"/>
      <line num="42" count="1" type="stmt"/>
      <line num="43" count="3" type="cond" truecount="1" falsecount="1"/>
      <line num="45" count="3" type="cond" truecount="1" falsecount="1"/>
      <line num="47" count="0" type="stmt"/>
      <line num="48" count="3" type="cond" truecount="2" falsecount="0"/>
      <line num="50" count="2" type="stmt"/>
      <line num="53" count="1" type="stmt"/>
      <line num="57" count="0" type="stmt"/>
      <line num="59" count="4" type="cond" truecount="2" falsecount="0"/>
      <line num="60" count="3" type="stmt"/>
      <line num="61" count="3" type="stmt"/>
      <line num="62" count="3" type="stmt"/>
      <line num="63" count="3" type="stmt"/>
      <line num="64" count="3" type="stmt"/>
      <line num="65" count="3" type="stmt"/>
      <line num="67" count="1" type="stmt"/>
      <line num="68" count="1" type="stmt"/>
      <line num="73" count="1" type="stmt"/>
    </file>
    <file name="Hand.tsx" path="C:\dev\pokerhandsTS\src\Hand.tsx">
      <metrics statements="141" coveredstatements="116" conditionals="72" coveredconditionals="60" methods="25" coveredmethods="24"/>
      <line num="1" count="2" type="stmt"/>
      <line num="3" count="2" type="stmt"/>
      <line num="5" count="2" type="cond" truecount="2" falsecount="0"/>
      <line num="6" count="2" type="stmt"/>
      <line num="7" count="2" type="stmt"/>
      <line num="8" count="2" type="stmt"/>
      <line num="9" count="2" type="stmt"/>
      <line num="10" count="2" type="stmt"/>
      <line num="11" count="2" type="stmt"/>
      <line num="12" count="2" type="stmt"/>
      <line num="13" count="2" type="stmt"/>
      <line num="14" count="2" type="stmt"/>
      <line num="22" count="20" type="stmt"/>
      <line num="24" count="20" type="stmt"/>
      <line num="26" count="20" type="stmt"/>
      <line num="28" count="20" type="stmt"/>
      <line num="32" count="20" type="stmt"/>
      <line num="44" count="20" type="stmt"/>
      <line num="45" count="20" type="stmt"/>
      <line num="46" count="20" type="stmt"/>
      <line num="47" count="20" type="stmt"/>
      <line num="48" count="20" type="stmt"/>
      <line num="49" count="20" type="stmt"/>
      <line num="50" count="20" type="stmt"/>
      <line num="61" count="40" type="stmt"/>
      <line num="66" count="20" type="stmt"/>
      <line num="67" count="20" type="stmt"/>
      <line num="68" count="20" type="stmt"/>
      <line num="79" count="40" type="stmt"/>
      <line num="80" count="40" type="stmt"/>
      <line num="81" count="200" type="stmt"/>
      <line num="83" count="200" type="cond" truecount="2" falsecount="0"/>
      <line num="84" count="31" type="stmt"/>
      <line num="85" count="31" type="cond" truecount="1" falsecount="0"/>
      <line num="86" count="31" type="stmt"/>
      <line num="91" count="169" type="stmt"/>
      <line num="95" count="147" type="stmt"/>
      <line num="96" count="40" type="stmt"/>
      <line num="101" count="4" type="stmt"/>
      <line num="106" count="11" type="stmt"/>
      <line num="111" count="0" type="stmt"/>
      <line num="116" count="40" type="stmt"/>
      <line num="117" count="40" type="stmt"/>
      <line num="118" count="62" type="cond" truecount="1" falsecount="0"/>
      <line num="119" count="36" type="stmt"/>
      <line num="122" count="4" type="stmt"/>
      <line num="128" count="21" type="stmt"/>
      <line num="129" count="21" type="stmt"/>
      <line num="130" count="84" type="cond" truecount="1" falsecount="0"/>
      <line num="131" count="84" type="stmt"/>
      <line num="134" count="21" type="stmt"/>
      <line num="140" count="40" type="stmt"/>
      <line num="141" count="286" type="stmt"/>
      <line num="146" count="40" type="stmt"/>
      <line num="149" count="40" type="stmt"/>
      <line num="151" count="69" type="cond" truecount="2" falsecount="0"/>
      <line num="153" count="37" type="stmt"/>
      <line num="155" count="32" type="stmt"/>
      <line num="158" count="3" type="stmt"/>
      <line num="163" count="40" type="stmt"/>
      <line num="164" count="40" type="stmt"/>
      <line num="166" count="40" type="cond" truecount="4" falsecount="0"/>
      <line num="167" count="1" type="stmt"/>
      <line num="168" count="39" type="cond" truecount="2" falsecount="0"/>
      <line num="169" count="3" type="stmt"/>
      <line num="170" count="36" type="cond" truecount="2" falsecount="0"/>
      <line num="171" count="2" type="stmt"/>
      <line num="175" count="34" type="stmt"/>
      <line num="176" count="34" type="stmt"/>
      <line num="180" count="52" type="cond" truecount="2" falsecount="0"/>
      <line num="181" count="1" type="stmt"/>
      <line num="182" count="51" type="cond" truecount="2" falsecount="0"/>
      <line num="184" count="5" type="stmt"/>
      <line num="185" count="46" type="cond" truecount="2" falsecount="0"/>
      <line num="187" count="18" type="cond" truecount="2" falsecount="0"/>
      <line num="189" count="3" type="stmt"/>
      <line num="190" count="15" type="cond" truecount="2" falsecount="0"/>
      <line num="192" count="2" type="stmt"/>
      <line num="195" count="13" type="stmt"/>
      <line num="199" count="28" type="cond" truecount="2" falsecount="0"/>
      <line num="200" count="11" type="stmt"/>
      <line num="201" count="17" type="cond" truecount="2" falsecount="0"/>
      <line num="202" count="2" type="stmt"/>
      <line num="205" count="15" type="stmt"/>
      <line num="209" count="0" type="stmt"/>
      <line num="215" count="76" type="stmt"/>
      <line num="220" count="40" type="stmt"/>
      <line num="221" count="40" type="cond" truecount="1" falsecount="0"/>
      <line num="227" count="21" type="stmt"/>
      <line num="229" count="19" type="stmt"/>
      <line num="230" count="19" type="stmt"/>
      <line num="232" count="64" type="cond" truecount="4" falsecount="0"/>
      <line num="234" count="6" type="stmt"/>
      <line num="235" count="58" type="cond" truecount="1" falsecount="0"/>
      <line num="236" count="18" type="cond" truecount="2" falsecount="0"/>
      <line num="238" count="11" type="stmt"/>
      <line num="239" count="7" type="cond" truecount="3" falsecount="1"/>
      <line num="240" count="0" type="stmt"/>
      <line num="242" count="7" type="cond" truecount="4" falsecount="0"/>
      <line num="246" count="4" type="stmt"/>
      <line num="252" count="19" type="stmt"/>
      <line num="257" count="3" type="cond" truecount="2" falsecount="7"/>
      <line num="259" count="2" type="stmt"/>
      <line num="260" count="2" type="stmt"/>
      <line num="262" count="0" type="stmt"/>
      <line num="263" count="0" type="stmt"/>
      <line num="265" count="0" type="stmt"/>
      <line num="266" count="0" type="stmt"/>
      <line num="268" count="0" type="stmt"/>
      <line num="269" count="0" type="stmt"/>
      <line num="271" count="0" type="stmt"/>
      <line num="272" count="0" type="stmt"/>
      <line num="274" count="0" type="stmt"/>
      <line num="275" count="0" type="stmt"/>
      <line num="277" count="1" type="stmt"/>
      <line num="278" count="1" type="stmt"/>
      <line num="280" count="0" type="stmt"/>
      <line num="281" count="0" type="stmt"/>
      <line num="283" count="0" type="stmt"/>
      <line num="284" count="0" type="stmt"/>
      <line num="286" count="3" type="stmt"/>
      <line num="291" count="29" type="stmt"/>
      <line num="296" count="1" type="stmt"/>
      <line num="302" count="3" type="stmt"/>
      <line num="303" count="3" type="cond" truecount="1" falsecount="4"/>
      <line num="305" count="0" type="stmt"/>
      <line num="306" count="0" type="stmt"/>
      <line num="308" count="0" type="stmt"/>
      <line num="309" count="0" type="stmt"/>
      <line num="311" count="0" type="stmt"/>
      <line num="312" count="0" type="stmt"/>
      <line num="314" count="0" type="stmt"/>
      <line num="315" count="0" type="stmt"/>
      <line num="317" count="1" type="stmt"/>
      <line num="318" count="1" type="stmt"/>
      <line num="320" count="3" type="cond" truecount="2" falsecount="0"/>
      <line num="327" count="1" type="stmt"/>
      <line num="329" count="2" type="stmt"/>
      <line num="335" count="9" type="stmt"/>
      <line num="336" count="45" type="stmt"/>
      <line num="341" count="2" type="stmt"/>
    </file>
  </project>
</coverage>
