{"C:\\dev\\pokerhandsTS\\src\\Card.tsx": {"path":"C:\\dev\\pokerhandsTS\\src\\Card.tsx","statementMap":{"0":{"start":{"line":1,"column":0},"end":{"line":1,"column":null}},"1":{"start":{"line":2,"column":2},"end":{"line":2,"column":null}},"2":{"start":{"line":3,"column":2},"end":{"line":3,"column":null}},"3":{"start":{"line":4,"column":2},"end":{"line":4,"column":null}},"4":{"start":{"line":5,"column":2},"end":{"line":5,"column":null}},"5":{"start":{"line":8,"column":0},"end":{"line":8,"column":null}},"6":{"start":{"line":9,"column":2},"end":{"line":9,"column":null}},"7":{"start":{"line":10,"column":2},"end":{"line":10,"column":null}},"8":{"start":{"line":11,"column":2},"end":{"line":11,"column":null}},"9":{"start":{"line":12,"column":2},"end":{"line":12,"column":null}},"10":{"start":{"line":13,"column":2},"end":{"line":13,"column":null}},"11":{"start":{"line":14,"column":2},"end":{"line":14,"column":null}},"12":{"start":{"line":15,"column":2},"end":{"line":15,"column":null}},"13":{"start":{"line":16,"column":2},"end":{"line":16,"column":null}},"14":{"start":{"line":17,"column":2},"end":{"line":17,"column":null}},"15":{"start":{"line":18,"column":2},"end":{"line":18,"column":null}},"16":{"start":{"line":19,"column":2},"end":{"line":19,"column":null}},"17":{"start":{"line":20,"column":2},"end":{"line":20,"column":null}},"18":{"start":{"line":21,"column":2},"end":{"line":21,"column":null}},"19":{"start":{"line":30,"column":4},"end":{"line":30,"column":21}},"20":{"start":{"line":31,"column":4},"end":{"line":31,"column":23}},"21":{"start":{"line":35,"column":4},"end":{"line":35,"column":21}},"22":{"start":{"line":39,"column":4},"end":{"line":39,"column":22}},"23":{"start":{"line":44,"column":4},"end":{"line":57,"column":null}},"24":{"start":{"line":46,"column":8},"end":{"line":46,"column":25}},"25":{"start":{"line":47,"column":8},"end":{"line":47,"column":14}},"26":{"start":{"line":49,"column":8},"end":{"line":49,"column":25}},"27":{"start":{"line":50,"column":8},"end":{"line":50,"column":14}},"28":{"start":{"line":52,"column":8},"end":{"line":52,"column":25}},"29":{"start":{"line":53,"column":8},"end":{"line":53,"column":14}},"30":{"start":{"line":55,"column":8},"end":{"line":55,"column":25}},"31":{"start":{"line":56,"column":8},"end":{"line":56,"column":14}},"32":{"start":{"line":59,"column":4},"end":{"line":75,"column":null}},"33":{"start":{"line":61,"column":8},"end":{"line":61,"column":26}},"34":{"start":{"line":62,"column":8},"end":{"line":62,"column":14}},"35":{"start":{"line":64,"column":8},"end":{"line":64,"column":26}},"36":{"start":{"line":65,"column":8},"end":{"line":65,"column":14}},"37":{"start":{"line":67,"column":8},"end":{"line":67,"column":26}},"38":{"start":{"line":68,"column":8},"end":{"line":68,"column":14}},"39":{"start":{"line":70,"column":8},"end":{"line":70,"column":26}},"40":{"start":{"line":71,"column":8},"end":{"line":71,"column":14}},"41":{"start":{"line":73,"column":8},"end":{"line":73,"column":26}},"42":{"start":{"line":74,"column":8},"end":{"line":74,"column":14}},"43":{"start":{"line":76,"column":4},"end":{"line":86,"column":null}},"44":{"start":{"line":83,"column":6},"end":{"line":83,"column":59}},"45":{"start":{"line":85,"column":6},"end":{"line":85,"column":58}},"46":{"start":{"line":90,"column":0},"end":{"line":90,"column":20}}},"fnMap":{"0":{"name":"(anonymous_0)","decl":{"start":{"line":1,"column":0},"end":{"line":1,"column":12}},"loc":{"start":{"line":1,"column":17},"end":{"line":6,"column":1}}},"1":{"name":"(anonymous_1)","decl":{"start":{"line":8,"column":0},"end":{"line":8,"column":12}},"loc":{"start":{"line":8,"column":18},"end":{"line":22,"column":1}}},"2":{"name":"(anonymous_2)","decl":{"start":{"line":29,"column":2},"end":{"line":29,"column":21}},"loc":{"start":{"line":29,"column":47},"end":{"line":32,"column":3}}},"3":{"name":"(anonymous_3)","decl":{"start":{"line":34,"column":9},"end":{"line":34,"column":16}},"loc":{"start":{"line":34,"column":16},"end":{"line":36,"column":3}}},"4":{"name":"(anonymous_4)","decl":{"start":{"line":38,"column":9},"end":{"line":38,"column":17}},"loc":{"start":{"line":38,"column":17},"end":{"line":40,"column":3}}},"5":{"name":"(anonymous_5)","decl":{"start":{"line":42,"column":9},"end":{"line":42,"column":18}},"loc":{"start":{"line":42,"column":18},"end":{"line":87,"column":3}}}},"branchMap":{"0":{"loc":{"start":{"line":1,"column":12},"end":{"line":1,"column":null}},"type":"binary-expr","locations":[{"start":{"line":1,"column":12},"end":{"line":1,"column":17}},{"start":{"line":1,"column":17},"end":{"line":1,"column":null}}]},"1":{"loc":{"start":{"line":8,"column":12},"end":{"line":8,"column":null}},"type":"binary-expr","locations":[{"start":{"line":8,"column":12},"end":{"line":8,"column":18}},{"start":{"line":8,"column":18},"end":{"line":8,"column":null}}]},"2":{"loc":{"start":{"line":44,"column":4},"end":{"line":57,"column":null}},"type":"switch","locations":[{"start":{"line":45,"column":6},"end":{"line":47,"column":14}},{"start":{"line":48,"column":6},"end":{"line":50,"column":14}},{"start":{"line":51,"column":6},"end":{"line":53,"column":14}},{"start":{"line":54,"column":6},"end":{"line":56,"column":14}}]},"3":{"loc":{"start":{"line":59,"column":4},"end":{"line":75,"column":null}},"type":"switch","locations":[{"start":{"line":60,"column":6},"end":{"line":62,"column":14}},{"start":{"line":63,"column":6},"end":{"line":65,"column":14}},{"start":{"line":66,"column":6},"end":{"line":68,"column":14}},{"start":{"line":69,"column":6},"end":{"line":71,"column":14}},{"start":{"line":72,"column":6},"end":{"line":74,"column":14}}]},"4":{"loc":{"start":{"line":76,"column":4},"end":{"line":86,"column":null}},"type":"if","locations":[{"start":{"line":76,"column":4},"end":{"line":86,"column":null}},{"start":{"line":84,"column":11},"end":{"line":86,"column":null}}]},"5":{"loc":{"start":{"line":77,"column":6},"end":{"line":81,"column":29}},"type":"binary-expr","locations":[{"start":{"line":77,"column":6},"end":{"line":77,"column":29}},{"start":{"line":78,"column":6},"end":{"line":78,"column":29}},{"start":{"line":79,"column":6},"end":{"line":79,"column":29}},{"start":{"line":80,"column":6},"end":{"line":80,"column":29}},{"start":{"line":81,"column":6},"end":{"line":81,"column":29}}]}},"s":{"0":2,"1":2,"2":2,"3":2,"4":2,"5":2,"6":2,"7":2,"8":2,"9":2,"10":2,"11":2,"12":2,"13":2,"14":2,"15":2,"16":2,"17":2,"18":2,"19":1132,"20":1132,"21":102,"22":1070,"23":45,"24":9,"25":9,"26":9,"27":9,"28":13,"29":13,"30":14,"31":14,"32":45,"33":0,"34":0,"35":0,"36":0,"37":1,"38":1,"39":5,"40":5,"41":2,"42":2,"43":45,"44":8,"45":37,"46":2},"f":{"0":2,"1":2,"2":1132,"3":102,"4":1070,"5":45},"b":{"0":[2,2],"1":[2,2],"2":[9,9,13,14],"3":[0,0,1,5,2],"4":[8,37],"5":[45,45,45,44,39]}}
,"C:\\dev\\pokerhandsTS\\src\\Deck.tsx": {"path":"C:\\dev\\pokerhandsTS\\src\\Deck.tsx","statementMap":{"0":{"start":{"line":1,"column":0},"end":{"line":1,"column":39}},"1":{"start":{"line":2,"column":0},"end":{"line":2,"column":26}},"2":{"start":{"line":11,"column":4},"end":{"line":11,"column":38}},"3":{"start":{"line":13,"column":4},"end":{"line":13,"column":19}},"4":{"start":{"line":17,"column":4},"end":{"line":17,"column":29}},"5":{"start":{"line":23,"column":4},"end":{"line":35,"column":7}},"6":{"start":{"line":24,"column":8},"end":{"line":34,"column":11}},"7":{"start":{"line":26,"column":23},"end":{"line":26,"column":39}},"8":{"start":{"line":29,"column":29},"end":{"line":29,"column":55}},"9":{"start":{"line":30,"column":30},"end":{"line":30,"column":58}},"10":{"start":{"line":31,"column":25},"end":{"line":31,"column":42}},"11":{"start":{"line":32,"column":26},"end":{"line":32,"column":45}},"12":{"start":{"line":33,"column":10},"end":{"line":33,"column":47}},"13":{"start":{"line":40,"column":23},"end":{"line":40,"column":43}},"14":{"start":{"line":41,"column":4},"end":{"line":46,"column":null}},"15":{"start":{"line":41,"column":17},"end":{"line":41,"column":31}},"16":{"start":{"line":42,"column":23},"end":{"line":42,"column":58}},"17":{"start":{"line":43,"column":23},"end":{"line":43,"column":43}},"18":{"start":{"line":44,"column":6},"end":{"line":44,"column":43}},"19":{"start":{"line":45,"column":6},"end":{"line":45,"column":31}},"20":{"start":{"line":50,"column":0},"end":{"line":50,"column":20}}},"fnMap":{"0":{"name":"(anonymous_1)","decl":{"start":{"line":9,"column":2},"end":{"line":9,"column":null}},"loc":{"start":{"line":9,"column":2},"end":{"line":14,"column":3}}},"1":{"name":"(anonymous_2)","decl":{"start":{"line":16,"column":9},"end":{"line":16,"column":22}},"loc":{"start":{"line":16,"column":22},"end":{"line":18,"column":3}}},"2":{"name":"(anonymous_3)","decl":{"start":{"line":21,"column":9},"end":{"line":21,"column":22}},"loc":{"start":{"line":21,"column":22},"end":{"line":36,"column":3}}},"3":{"name":"(anonymous_4)","decl":{"start":{"line":23,"column":38},"end":{"line":23,"column":39}},"loc":{"start":{"line":23,"column":47},"end":{"line":35,"column":5}}},"4":{"name":"(anonymous_5)","decl":{"start":{"line":26,"column":16},"end":{"line":26,"column":17}},"loc":{"start":{"line":26,"column":23},"end":{"line":26,"column":39}}},"5":{"name":"(anonymous_6)","decl":{"start":{"line":27,"column":13},"end":{"line":27,"column":14}},"loc":{"start":{"line":27,"column":23},"end":{"line":34,"column":9}}},"6":{"name":"(anonymous_7)","decl":{"start":{"line":39,"column":9},"end":{"line":39,"column":16}},"loc":{"start":{"line":39,"column":16},"end":{"line":47,"column":3}}}},"branchMap":{},"s":{"0":2,"1":2,"2":20,"3":20,"4":20,"5":20,"6":80,"7":2080,"8":1040,"9":1040,"10":1040,"11":1040,"12":1040,"13":20,"14":20,"15":20,"16":1020,"17":1020,"18":1020,"19":1020,"20":2},"f":{"0":20,"1":20,"2":20,"3":80,"4":2080,"5":1040,"6":20},"b":{}}
,"C:\\dev\\pokerhandsTS\\src\\Game.tsx": {"path":"C:\\dev\\pokerhandsTS\\src\\Game.tsx","statementMap":{"0":{"start":{"line":7,"column":21},"end":{"line":7,"column":35}},"1":{"start":{"line":8,"column":22},"end":{"line":8,"column":38}},"2":{"start":{"line":9,"column":27},"end":{"line":9,"column":54}},"3":{"start":{"line":9,"column":48},"end":{"line":9,"column":53}},"4":{"start":{"line":10,"column":21},"end":{"line":10,"column":35}},"5":{"start":{"line":11,"column":22},"end":{"line":11,"column":38}},"6":{"start":{"line":12,"column":27},"end":{"line":12,"column":54}},"7":{"start":{"line":12,"column":48},"end":{"line":12,"column":53}},"8":{"start":{"line":14,"column":24},"end":{"line":14,"column":44}},"9":{"start":{"line":15,"column":8},"end":{"line":23,"column":null}},"10":{"start":{"line":15,"column":18},"end":{"line":15,"column":19}},"11":{"start":{"line":16,"column":12},"end":{"line":22,"column":null}},"12":{"start":{"line":17,"column":16},"end":{"line":17,"column":50}},"13":{"start":{"line":18,"column":16},"end":{"line":18,"column":29}},"14":{"start":{"line":19,"column":19},"end":{"line":22,"column":null}},"15":{"start":{"line":20,"column":16},"end":{"line":20,"column":50}},"16":{"start":{"line":21,"column":16},"end":{"line":21,"column":29}},"17":{"start":{"line":24,"column":8},"end":{"line":24,"column":25}},"18":{"start":{"line":29,"column":4},"end":{"line":29,"column":32}},"19":{"start":{"line":30,"column":4},"end":{"line":30,"column":42}},"20":{"start":{"line":31,"column":4},"end":{"line":31,"column":22}},"21":{"start":{"line":32,"column":4},"end":{"line":32,"column":18}},"22":{"start":{"line":33,"column":4},"end":{"line":33,"column":32}},"23":{"start":{"line":34,"column":4},"end":{"line":34,"column":42}},"24":{"start":{"line":35,"column":4},"end":{"line":35,"column":22}},"25":{"start":{"line":36,"column":4},"end":{"line":36,"column":18}},"26":{"start":{"line":37,"column":4},"end":{"line":37,"column":32}},"27":{"start":{"line":40,"column":4},"end":{"line":58,"column":null}},"28":{"start":{"line":42,"column":6},"end":{"line":42,"column":25}},"29":{"start":{"line":43,"column":11},"end":{"line":58,"column":null}},"30":{"start":{"line":45,"column":6},"end":{"line":54,"column":null}},"31":{"start":{"line":47,"column":8},"end":{"line":47,"column":27}},"32":{"start":{"line":48,"column":13},"end":{"line":54,"column":null}},"33":{"start":{"line":50,"column":8},"end":{"line":50,"column":53}},"34":{"start":{"line":53,"column":8},"end":{"line":53,"column":27}},"35":{"start":{"line":57,"column":6},"end":{"line":57,"column":25}},"36":{"start":{"line":59,"column":4},"end":{"line":69,"column":null}},"37":{"start":{"line":60,"column":6},"end":{"line":60,"column":41}},"38":{"start":{"line":61,"column":6},"end":{"line":61,"column":53}},"39":{"start":{"line":62,"column":6},"end":{"line":62,"column":41}},"40":{"start":{"line":63,"column":6},"end":{"line":63,"column":38}},"41":{"start":{"line":64,"column":6},"end":{"line":64,"column":40}},"42":{"start":{"line":65,"column":6},"end":{"line":65,"column":24}},"43":{"start":{"line":67,"column":6},"end":{"line":67,"column":33}},"44":{"start":{"line":68,"column":6},"end":{"line":68,"column":23}},"45":{"start":{"line":73,"column":0},"end":{"line":73,"column":20}}},"fnMap":{"0":{"name":"(anonymous_0)","decl":{"start":{"line":5,"column":11},"end":{"line":5,"column":23}},"loc":{"start":{"line":5,"column":48},"end":{"line":25,"column":5}}},"1":{"name":"(anonymous_1)","decl":{"start":{"line":9,"column":38},"end":{"line":9,"column":39}},"loc":{"start":{"line":9,"column":48},"end":{"line":9,"column":53}}},"2":{"name":"(anonymous_2)","decl":{"start":{"line":12,"column":38},"end":{"line":12,"column":39}},"loc":{"start":{"line":12,"column":48},"end":{"line":12,"column":53}}},"3":{"name":"(anonymous_3)","decl":{"start":{"line":27,"column":9},"end":{"line":27,"column":19}},"loc":{"start":{"line":27,"column":44},"end":{"line":70,"column":3}}}},"branchMap":{"0":{"loc":{"start":{"line":16,"column":12},"end":{"line":22,"column":null}},"type":"if","locations":[{"start":{"line":16,"column":12},"end":{"line":22,"column":null}},{"start":{"line":19,"column":19},"end":{"line":22,"column":null}}]},"1":{"loc":{"start":{"line":16,"column":15},"end":{"line":16,"column":106}},"type":"binary-expr","locations":[{"start":{"line":16,"column":15},"end":{"line":16,"column":42}},{"start":{"line":16,"column":46},"end":{"line":16,"column":73}},{"start":{"line":16,"column":77},"end":{"line":16,"column":106}}]},"2":{"loc":{"start":{"line":19,"column":19},"end":{"line":22,"column":null}},"type":"if","locations":[{"start":{"line":19,"column":19},"end":{"line":22,"column":null}}]},"3":{"loc":{"start":{"line":19,"column":22},"end":{"line":19,"column":113}},"type":"binary-expr","locations":[{"start":{"line":19,"column":22},"end":{"line":19,"column":49}},{"start":{"line":19,"column":53},"end":{"line":19,"column":80}},{"start":{"line":19,"column":84},"end":{"line":19,"column":113}}]},"4":{"loc":{"start":{"line":40,"column":4},"end":{"line":58,"column":null}},"type":"if","locations":[{"start":{"line":40,"column":4},"end":{"line":58,"column":null}},{"start":{"line":43,"column":11},"end":{"line":58,"column":null}}]},"5":{"loc":{"start":{"line":43,"column":11},"end":{"line":58,"column":null}},"type":"if","locations":[{"start":{"line":43,"column":11},"end":{"line":58,"column":null}},{"start":{"line":55,"column":11},"end":{"line":58,"column":null}}]},"6":{"loc":{"start":{"line":45,"column":6},"end":{"line":54,"column":null}},"type":"if","locations":[{"start":{"line":45,"column":6},"end":{"line":54,"column":null}},{"start":{"line":48,"column":13},"end":{"line":54,"column":null}}]},"7":{"loc":{"start":{"line":48,"column":13},"end":{"line":54,"column":null}},"type":"if","locations":[{"start":{"line":48,"column":13},"end":{"line":54,"column":null}},{"start":{"line":51,"column":13},"end":{"line":54,"column":null}}]},"8":{"loc":{"start":{"line":59,"column":4},"end":{"line":69,"column":null}},"type":"if","locations":[{"start":{"line":59,"column":4},"end":{"line":69,"column":null}},{"start":{"line":66,"column":11},"end":{"line":69,"column":null}}]}},"s":{"0":2,"1":2,"2":2,"3":8,"4":2,"5":2,"6":2,"7":8,"8":2,"9":2,"10":2,"11":7,"12":1,"13":1,"14":6,"15":0,"16":0,"17":1,"18":4,"19":4,"20":4,"21":4,"22":4,"23":4,"24":4,"25":4,"26":4,"27":4,"28":1,"29":3,"30":3,"31":0,"32":3,"33":2,"34":1,"35":0,"36":4,"37":3,"38":3,"39":3,"40":3,"41":3,"42":3,"43":1,"44":1,"45":1},"f":{"0":2,"1":8,"2":8,"3":4},"b":{"0":[1,6],"1":[7,5,5],"2":[0],"3":[6,4,4],"4":[1,3],"5":[3,0],"6":[0,3],"7":[2,1],"8":[3,1]}}
,"C:\\dev\\pokerhandsTS\\src\\Hand.tsx": {"path":"C:\\dev\\pokerhandsTS\\src\\Hand.tsx","statementMap":{"0":{"start":{"line":1,"column":0},"end":{"line":1,"column":32}},"1":{"start":{"line":3,"column":0},"end":{"line":3,"column":26}},"2":{"start":{"line":5,"column":0},"end":{"line":5,"column":null}},"3":{"start":{"line":6,"column":2},"end":{"line":6,"column":null}},"4":{"start":{"line":7,"column":2},"end":{"line":7,"column":null}},"5":{"start":{"line":8,"column":2},"end":{"line":8,"column":null}},"6":{"start":{"line":9,"column":2},"end":{"line":9,"column":null}},"7":{"start":{"line":10,"column":2},"end":{"line":10,"column":null}},"8":{"start":{"line":11,"column":2},"end":{"line":11,"column":null}},"9":{"start":{"line":12,"column":2},"end":{"line":12,"column":null}},"10":{"start":{"line":13,"column":2},"end":{"line":13,"column":null}},"11":{"start":{"line":14,"column":2},"end":{"line":14,"column":null}},"12":{"start":{"line":22,"column":10},"end":{"line":22,"column":76}},"13":{"start":{"line":24,"column":10},"end":{"line":24,"column":66}},"14":{"start":{"line":26,"column":10},"end":{"line":26,"column":49}},"15":{"start":{"line":28,"column":10},"end":{"line":28,"column":52}},"16":{"start":{"line":32,"column":4},"end":{"line":32,"column":25}},"17":{"start":{"line":44,"column":15},"end":{"line":44,"column":31}},"18":{"start":{"line":45,"column":4},"end":{"line":45,"column":25}},"19":{"start":{"line":46,"column":4},"end":{"line":46,"column":70}},"20":{"start":{"line":47,"column":4},"end":{"line":47,"column":44}},"21":{"start":{"line":48,"column":4},"end":{"line":48,"column":39}},"22":{"start":{"line":49,"column":4},"end":{"line":49,"column":43}},"23":{"start":{"line":50,"column":4},"end":{"line":50,"column":16}},"24":{"start":{"line":61,"column":4},"end":{"line":61,"column":47}},"25":{"start":{"line":66,"column":17},"end":{"line":66,"column":27}},"26":{"start":{"line":67,"column":21},"end":{"line":67,"column":43}},"27":{"start":{"line":68,"column":4},"end":{"line":74,"column":6}},"28":{"start":{"line":79,"column":14},"end":{"line":79,"column":39}},"29":{"start":{"line":80,"column":4},"end":{"line":93,"column":7}},"30":{"start":{"line":81,"column":24},"end":{"line":81,"column":39}},"31":{"start":{"line":83,"column":6},"end":{"line":92,"column":null}},"32":{"start":{"line":84,"column":20},"end":{"line":84,"column":38}},"33":{"start":{"line":85,"column":8},"end":{"line":87,"column":null}},"34":{"start":{"line":86,"column":10},"end":{"line":86,"column":40}},"35":{"start":{"line":91,"column":8},"end":{"line":91,"column":30}},"36":{"start":{"line":95,"column":22},"end":{"line":95,"column":77}},"37":{"start":{"line":95,"column":64},"end":{"line":95,"column":75}},"38":{"start":{"line":96,"column":4},"end":{"line":96,"column":21}},"39":{"start":{"line":101,"column":4},"end":{"line":101,"column":25}},"40":{"start":{"line":106,"column":4},"end":{"line":106,"column":23}},"41":{"start":{"line":111,"column":4},"end":{"line":111,"column":29}},"42":{"start":{"line":116,"column":26},"end":{"line":116,"column":49}},"43":{"start":{"line":117,"column":4},"end":{"line":121,"column":null}},"44":{"start":{"line":117,"column":17},"end":{"line":117,"column":18}},"45":{"start":{"line":118,"column":6},"end":{"line":120,"column":null}},"46":{"start":{"line":119,"column":8},"end":{"line":119,"column":21}},"47":{"start":{"line":122,"column":4},"end":{"line":122,"column":16}},"48":{"start":{"line":128,"column":27},"end":{"line":128,"column":51}},"49":{"start":{"line":129,"column":4},"end":{"line":133,"column":null}},"50":{"start":{"line":129,"column":17},"end":{"line":129,"column":18}},"51":{"start":{"line":130,"column":6},"end":{"line":132,"column":null}},"52":{"start":{"line":131,"column":8},"end":{"line":131,"column":44}},"53":{"start":{"line":134,"column":4},"end":{"line":134,"column":20}},"54":{"start":{"line":140,"column":24},"end":{"line":142,"column":6}},"55":{"start":{"line":141,"column":6},"end":{"line":141,"column":41}},"56":{"start":{"line":146,"column":27},"end":{"line":146,"column":52}},"57":{"start":{"line":149,"column":4},"end":{"line":157,"column":null}},"58":{"start":{"line":149,"column":17},"end":{"line":149,"column":18}},"59":{"start":{"line":151,"column":6},"end":{"line":156,"column":null}},"60":{"start":{"line":153,"column":8},"end":{"line":153,"column":21}},"61":{"start":{"line":155,"column":8},"end":{"line":155,"column":27}},"62":{"start":{"line":158,"column":4},"end":{"line":158,"column":16}},"63":{"start":{"line":163,"column":30},"end":{"line":163,"column":53}},"64":{"start":{"line":164,"column":33},"end":{"line":164,"column":53}},"65":{"start":{"line":166,"column":4},"end":{"line":210,"column":null}},"66":{"start":{"line":167,"column":6},"end":{"line":167,"column":35}},"67":{"start":{"line":168,"column":11},"end":{"line":210,"column":null}},"68":{"start":{"line":169,"column":6},"end":{"line":169,"column":27}},"69":{"start":{"line":170,"column":11},"end":{"line":210,"column":null}},"70":{"start":{"line":171,"column":6},"end":{"line":171,"column":30}},"71":{"start":{"line":175,"column":45},"end":{"line":175,"column":54}},"72":{"start":{"line":176,"column":6},"end":{"line":208,"column":null}},"73":{"start":{"line":180,"column":8},"end":{"line":207,"column":null}},"74":{"start":{"line":181,"column":10},"end":{"line":181,"column":37}},"75":{"start":{"line":182,"column":15},"end":{"line":207,"column":null}},"76":{"start":{"line":184,"column":10},"end":{"line":184,"column":45}},"77":{"start":{"line":185,"column":15},"end":{"line":207,"column":null}},"78":{"start":{"line":187,"column":10},"end":{"line":196,"column":null}},"79":{"start":{"line":189,"column":12},"end":{"line":189,"column":37}},"80":{"start":{"line":190,"column":17},"end":{"line":196,"column":null}},"81":{"start":{"line":192,"column":12},"end":{"line":192,"column":36}},"82":{"start":{"line":195,"column":12},"end":{"line":195,"column":39}},"83":{"start":{"line":199,"column":10},"end":{"line":206,"column":null}},"84":{"start":{"line":200,"column":12},"end":{"line":200,"column":32}},"85":{"start":{"line":201,"column":17},"end":{"line":206,"column":null}},"86":{"start":{"line":202,"column":12},"end":{"line":202,"column":40}},"87":{"start":{"line":205,"column":12},"end":{"line":205,"column":36}},"88":{"start":{"line":209,"column":6},"end":{"line":209,"column":30}},"89":{"start":{"line":215,"column":4},"end":{"line":215,"column":24}},"90":{"start":{"line":220,"column":20},"end":{"line":220,"column":37}},"91":{"start":{"line":221,"column":4},"end":{"line":228,"column":null}},"92":{"start":{"line":227,"column":6},"end":{"line":227,"column":33}},"93":{"start":{"line":229,"column":31},"end":{"line":229,"column":32}},"94":{"start":{"line":230,"column":4},"end":{"line":250,"column":7}},"95":{"start":{"line":232,"column":6},"end":{"line":249,"column":null}},"96":{"start":{"line":234,"column":8},"end":{"line":234,"column":27}},"97":{"start":{"line":235,"column":13},"end":{"line":249,"column":null}},"98":{"start":{"line":236,"column":8},"end":{"line":248,"column":null}},"99":{"start":{"line":238,"column":10},"end":{"line":238,"column":29}},"100":{"start":{"line":239,"column":15},"end":{"line":248,"column":null}},"101":{"start":{"line":240,"column":10},"end":{"line":240,"column":29}},"102":{"start":{"line":242,"column":10},"end":{"line":247,"column":null}},"103":{"start":{"line":246,"column":12},"end":{"line":246,"column":31}},"104":{"start":{"line":252,"column":4},"end":{"line":252,"column":24}},"105":{"start":{"line":257,"column":4},"end":{"line":285,"column":null}},"106":{"start":{"line":259,"column":8},"end":{"line":259,"column":36}},"107":{"start":{"line":260,"column":8},"end":{"line":260,"column":14}},"108":{"start":{"line":262,"column":8},"end":{"line":262,"column":31}},"109":{"start":{"line":263,"column":8},"end":{"line":263,"column":14}},"110":{"start":{"line":265,"column":8},"end":{"line":265,"column":36}},"111":{"start":{"line":266,"column":8},"end":{"line":266,"column":14}},"112":{"start":{"line":268,"column":8},"end":{"line":268,"column":42}},"113":{"start":{"line":269,"column":8},"end":{"line":269,"column":14}},"114":{"start":{"line":271,"column":8},"end":{"line":271,"column":35}},"115":{"start":{"line":272,"column":8},"end":{"line":272,"column":14}},"116":{"start":{"line":274,"column":8},"end":{"line":274,"column":32}},"117":{"start":{"line":275,"column":8},"end":{"line":275,"column":14}},"118":{"start":{"line":277,"column":8},"end":{"line":277,"column":37}},"119":{"start":{"line":278,"column":8},"end":{"line":278,"column":14}},"120":{"start":{"line":280,"column":8},"end":{"line":280,"column":41}},"121":{"start":{"line":281,"column":8},"end":{"line":281,"column":14}},"122":{"start":{"line":283,"column":8},"end":{"line":283,"column":41}},"123":{"start":{"line":284,"column":8},"end":{"line":284,"column":14}},"124":{"start":{"line":286,"column":4},"end":{"line":286,"column":50}},"125":{"start":{"line":291,"column":4},"end":{"line":291,"column":26}},"126":{"start":{"line":296,"column":4},"end":{"line":296,"column":30}},"127":{"start":{"line":302,"column":27},"end":{"line":302,"column":46}},"128":{"start":{"line":303,"column":4},"end":{"line":319,"column":null}},"129":{"start":{"line":305,"column":8},"end":{"line":305,"column":26}},"130":{"start":{"line":306,"column":8},"end":{"line":306,"column":14}},"131":{"start":{"line":308,"column":8},"end":{"line":308,"column":26}},"132":{"start":{"line":309,"column":8},"end":{"line":309,"column":14}},"133":{"start":{"line":311,"column":8},"end":{"line":311,"column":26}},"134":{"start":{"line":312,"column":8},"end":{"line":312,"column":14}},"135":{"start":{"line":314,"column":8},"end":{"line":314,"column":26}},"136":{"start":{"line":315,"column":8},"end":{"line":315,"column":14}},"137":{"start":{"line":317,"column":8},"end":{"line":317,"column":26}},"138":{"start":{"line":318,"column":8},"end":{"line":318,"column":14}},"139":{"start":{"line":320,"column":4},"end":{"line":330,"column":null}},"140":{"start":{"line":327,"column":6},"end":{"line":327,"column":48}},"141":{"start":{"line":329,"column":6},"end":{"line":329,"column":51}},"142":{"start":{"line":335,"column":4},"end":{"line":337,"column":7}},"143":{"start":{"line":336,"column":6},"end":{"line":336,"column":23}},"144":{"start":{"line":341,"column":0},"end":{"line":341,"column":20}}},"fnMap":{"0":{"name":"(anonymous_1)","decl":{"start":{"line":5,"column":0},"end":{"line":5,"column":12}},"loc":{"start":{"line":5,"column":19},"end":{"line":15,"column":1}}},"1":{"name":"(anonymous_2)","decl":{"start":{"line":31,"column":2},"end":{"line":31,"column":14}},"loc":{"start":{"line":31,"column":28},"end":{"line":33,"column":3}}},"2":{"name":"(anonymous_3)","decl":{"start":{"line":36,"column":9},"end":{"line":36,"column":15}},"loc":{"start":{"line":42,"column":15},"end":{"line":51,"column":3}}},"3":{"name":"(anonymous_4)","decl":{"start":{"line":54,"column":10},"end":{"line":54,"column":22}},"loc":{"start":{"line":59,"column":15},"end":{"line":62,"column":3}}},"4":{"name":"(anonymous_5)","decl":{"start":{"line":65,"column":10},"end":{"line":65,"column":28}},"loc":{"start":{"line":65,"column":28},"end":{"line":75,"column":3}}},"5":{"name":"(anonymous_6)","decl":{"start":{"line":78,"column":10},"end":{"line":78,"column":26}},"loc":{"start":{"line":78,"column":26},"end":{"line":97,"column":3}}},"6":{"name":"(anonymous_7)","decl":{"start":{"line":80,"column":23},"end":{"line":80,"column":24}},"loc":{"start":{"line":80,"column":32},"end":{"line":93,"column":5}}},"7":{"name":"(anonymous_8)","decl":{"start":{"line":95,"column":54},"end":{"line":95,"column":55}},"loc":{"start":{"line":95,"column":64},"end":{"line":95,"column":75}}},"8":{"name":"(anonymous_9)","decl":{"start":{"line":100,"column":9},"end":{"line":100,"column":15}},"loc":{"start":{"line":100,"column":15},"end":{"line":102,"column":3}}},"9":{"name":"(anonymous_10)","decl":{"start":{"line":105,"column":9},"end":{"line":105,"column":18}},"loc":{"start":{"line":105,"column":18},"end":{"line":107,"column":3}}},"10":{"name":"(anonymous_11)","decl":{"start":{"line":110,"column":9},"end":{"line":110,"column":27}},"loc":{"start":{"line":110,"column":27},"end":{"line":112,"column":3}}},"11":{"name":"(anonymous_12)","decl":{"start":{"line":115,"column":10},"end":{"line":115,"column":26}},"loc":{"start":{"line":115,"column":26},"end":{"line":123,"column":3}}},"12":{"name":"(anonymous_13)","decl":{"start":{"line":126,"column":10},"end":{"line":126,"column":22}},"loc":{"start":{"line":126,"column":22},"end":{"line":135,"column":3}}},"13":{"name":"(anonymous_14)","decl":{"start":{"line":138,"column":10},"end":{"line":138,"column":23}},"loc":{"start":{"line":138,"column":23},"end":{"line":159,"column":3}}},"14":{"name":"(anonymous_15)","decl":{"start":{"line":140,"column":40},"end":{"line":140,"column":50}},"loc":{"start":{"line":140,"column":54},"end":{"line":142,"column":5}}},"15":{"name":"(anonymous_16)","decl":{"start":{"line":162,"column":10},"end":{"line":162,"column":22}},"loc":{"start":{"line":162,"column":22},"end":{"line":211,"column":3}}},"16":{"name":"(anonymous_17)","decl":{"start":{"line":214,"column":9},"end":{"line":214,"column":19}},"loc":{"start":{"line":214,"column":19},"end":{"line":216,"column":3}}},"17":{"name":"(anonymous_18)","decl":{"start":{"line":219,"column":10},"end":{"line":219,"column":24}},"loc":{"start":{"line":219,"column":24},"end":{"line":253,"column":3}}},"18":{"name":"(anonymous_19)","decl":{"start":{"line":230,"column":26},"end":{"line":230,"column":36}},"loc":{"start":{"line":230,"column":46},"end":{"line":250,"column":5}}},"19":{"name":"(anonymous_20)","decl":{"start":{"line":255,"column":9},"end":{"line":255,"column":27}},"loc":{"start":{"line":255,"column":27},"end":{"line":287,"column":3}}},"20":{"name":"(anonymous_21)","decl":{"start":{"line":290,"column":9},"end":{"line":290,"column":21}},"loc":{"start":{"line":290,"column":21},"end":{"line":292,"column":3}}},"21":{"name":"(anonymous_22)","decl":{"start":{"line":295,"column":9},"end":{"line":295,"column":21}},"loc":{"start":{"line":295,"column":38},"end":{"line":297,"column":3}}},"22":{"name":"(anonymous_23)","decl":{"start":{"line":300,"column":9},"end":{"line":300,"column":29}},"loc":{"start":{"line":300,"column":29},"end":{"line":331,"column":3}}},"23":{"name":"(anonymous_24)","decl":{"start":{"line":334,"column":9},"end":{"line":334,"column":18}},"loc":{"start":{"line":334,"column":18},"end":{"line":338,"column":3}}},"24":{"name":"(anonymous_25)","decl":{"start":{"line":335,"column":23},"end":{"line":335,"column":24}},"loc":{"start":{"line":335,"column":32},"end":{"line":337,"column":5}}}},"branchMap":{"0":{"loc":{"start":{"line":5,"column":12},"end":{"line":5,"column":null}},"type":"binary-expr","locations":[{"start":{"line":5,"column":12},"end":{"line":5,"column":19}},{"start":{"line":5,"column":19},"end":{"line":5,"column":null}}]},"1":{"loc":{"start":{"line":83,"column":6},"end":{"line":92,"column":null}},"type":"if","locations":[{"start":{"line":83,"column":6},"end":{"line":92,"column":null}},{"start":{"line":90,"column":11},"end":{"line":92,"column":null}}]},"2":{"loc":{"start":{"line":85,"column":8},"end":{"line":87,"column":null}},"type":"if","locations":[{"start":{"line":85,"column":8},"end":{"line":87,"column":null}}]},"3":{"loc":{"start":{"line":118,"column":6},"end":{"line":120,"column":null}},"type":"if","locations":[{"start":{"line":118,"column":6},"end":{"line":120,"column":null}}]},"4":{"loc":{"start":{"line":130,"column":6},"end":{"line":132,"column":null}},"type":"if","locations":[{"start":{"line":130,"column":6},"end":{"line":132,"column":null}}]},"5":{"loc":{"start":{"line":151,"column":6},"end":{"line":156,"column":null}},"type":"if","locations":[{"start":{"line":151,"column":6},"end":{"line":156,"column":null}},{"start":{"line":154,"column":13},"end":{"line":156,"column":null}}]},"6":{"loc":{"start":{"line":166,"column":4},"end":{"line":210,"column":null}},"type":"if","locations":[{"start":{"line":166,"column":4},"end":{"line":210,"column":null}},{"start":{"line":168,"column":11},"end":{"line":210,"column":null}}]},"7":{"loc":{"start":{"line":166,"column":8},"end":{"line":166,"column":31}},"type":"binary-expr","locations":[{"start":{"line":166,"column":8},"end":{"line":166,"column":16}},{"start":{"line":166,"column":20},"end":{"line":166,"column":31}}]},"8":{"loc":{"start":{"line":168,"column":11},"end":{"line":210,"column":null}},"type":"if","locations":[{"start":{"line":168,"column":11},"end":{"line":210,"column":null}},{"start":{"line":170,"column":11},"end":{"line":210,"column":null}}]},"9":{"loc":{"start":{"line":170,"column":11},"end":{"line":210,"column":null}},"type":"if","locations":[{"start":{"line":170,"column":11},"end":{"line":210,"column":null}},{"start":{"line":174,"column":9},"end":{"line":210,"column":null}}]},"10":{"loc":{"start":{"line":180,"column":8},"end":{"line":207,"column":null}},"type":"if","locations":[{"start":{"line":180,"column":8},"end":{"line":207,"column":null}},{"start":{"line":182,"column":15},"end":{"line":207,"column":null}}]},"11":{"loc":{"start":{"line":182,"column":15},"end":{"line":207,"column":null}},"type":"if","locations":[{"start":{"line":182,"column":15},"end":{"line":207,"column":null}},{"start":{"line":185,"column":15},"end":{"line":207,"column":null}}]},"12":{"loc":{"start":{"line":185,"column":15},"end":{"line":207,"column":null}},"type":"if","locations":[{"start":{"line":185,"column":15},"end":{"line":207,"column":null}},{"start":{"line":197,"column":15},"end":{"line":207,"column":null}}]},"13":{"loc":{"start":{"line":187,"column":10},"end":{"line":196,"column":null}},"type":"if","locations":[{"start":{"line":187,"column":10},"end":{"line":196,"column":null}},{"start":{"line":190,"column":17},"end":{"line":196,"column":null}}]},"14":{"loc":{"start":{"line":190,"column":17},"end":{"line":196,"column":null}},"type":"if","locations":[{"start":{"line":190,"column":17},"end":{"line":196,"column":null}},{"start":{"line":193,"column":17},"end":{"line":196,"column":null}}]},"15":{"loc":{"start":{"line":199,"column":10},"end":{"line":206,"column":null}},"type":"if","locations":[{"start":{"line":199,"column":10},"end":{"line":206,"column":null}},{"start":{"line":201,"column":17},"end":{"line":206,"column":null}}]},"16":{"loc":{"start":{"line":201,"column":17},"end":{"line":206,"column":null}},"type":"if","locations":[{"start":{"line":201,"column":17},"end":{"line":206,"column":null}},{"start":{"line":203,"column":17},"end":{"line":206,"column":null}}]},"17":{"loc":{"start":{"line":221,"column":4},"end":{"line":228,"column":null}},"type":"if","locations":[{"start":{"line":221,"column":4},"end":{"line":228,"column":null}}]},"18":{"loc":{"start":{"line":222,"column":6},"end":{"line":225,"column":34}},"type":"binary-expr","locations":[{"start":{"line":222,"column":6},"end":{"line":222,"column":31}},{"start":{"line":223,"column":6},"end":{"line":223,"column":34}},{"start":{"line":224,"column":6},"end":{"line":224,"column":39}},{"start":{"line":225,"column":6},"end":{"line":225,"column":34}}]},"19":{"loc":{"start":{"line":232,"column":6},"end":{"line":249,"column":null}},"type":"if","locations":[{"start":{"line":232,"column":6},"end":{"line":249,"column":null}},{"start":{"line":235,"column":13},"end":{"line":249,"column":null}}]},"20":{"loc":{"start":{"line":232,"column":10},"end":{"line":232,"column":36}},"type":"binary-expr","locations":[{"start":{"line":232,"column":10},"end":{"line":232,"column":21}},{"start":{"line":232,"column":25},"end":{"line":232,"column":36}}]},"21":{"loc":{"start":{"line":235,"column":13},"end":{"line":249,"column":null}},"type":"if","locations":[{"start":{"line":235,"column":13},"end":{"line":249,"column":null}}]},"22":{"loc":{"start":{"line":236,"column":8},"end":{"line":248,"column":null}},"type":"if","locations":[{"start":{"line":236,"column":8},"end":{"line":248,"column":null}},{"start":{"line":239,"column":15},"end":{"line":248,"column":null}}]},"23":{"loc":{"start":{"line":239,"column":15},"end":{"line":248,"column":null}},"type":"if","locations":[{"start":{"line":239,"column":15},"end":{"line":248,"column":null}},{"start":{"line":241,"column":15},"end":{"line":248,"column":null}}]},"24":{"loc":{"start":{"line":239,"column":19},"end":{"line":239,"column":77}},"type":"binary-expr","locations":[{"start":{"line":239,"column":19},"end":{"line":239,"column":47}},{"start":{"line":239,"column":51},"end":{"line":239,"column":77}}]},"25":{"loc":{"start":{"line":242,"column":10},"end":{"line":247,"column":null}},"type":"if","locations":[{"start":{"line":242,"column":10},"end":{"line":247,"column":null}},{"start":{"line":244,"column":17},"end":{"line":247,"column":null}}]},"26":{"loc":{"start":{"line":242,"column":14},"end":{"line":242,"column":62}},"type":"binary-expr","locations":[{"start":{"line":242,"column":14},"end":{"line":242,"column":40}},{"start":{"line":242,"column":44},"end":{"line":242,"column":62}}]},"27":{"loc":{"start":{"line":257,"column":4},"end":{"line":285,"column":null}},"type":"switch","locations":[{"start":{"line":258,"column":6},"end":{"line":260,"column":14}},{"start":{"line":261,"column":6},"end":{"line":263,"column":14}},{"start":{"line":264,"column":6},"end":{"line":266,"column":14}},{"start":{"line":267,"column":6},"end":{"line":269,"column":14}},{"start":{"line":270,"column":6},"end":{"line":272,"column":14}},{"start":{"line":273,"column":6},"end":{"line":275,"column":14}},{"start":{"line":276,"column":6},"end":{"line":278,"column":14}},{"start":{"line":279,"column":6},"end":{"line":281,"column":14}},{"start":{"line":282,"column":6},"end":{"line":284,"column":14}}]},"28":{"loc":{"start":{"line":303,"column":4},"end":{"line":319,"column":null}},"type":"switch","locations":[{"start":{"line":304,"column":6},"end":{"line":306,"column":14}},{"start":{"line":307,"column":6},"end":{"line":309,"column":14}},{"start":{"line":310,"column":6},"end":{"line":312,"column":14}},{"start":{"line":313,"column":6},"end":{"line":315,"column":14}},{"start":{"line":316,"column":6},"end":{"line":318,"column":14}}]},"29":{"loc":{"start":{"line":320,"column":4},"end":{"line":330,"column":null}},"type":"if","locations":[{"start":{"line":320,"column":4},"end":{"line":330,"column":null}},{"start":{"line":328,"column":11},"end":{"line":330,"column":null}}]},"30":{"loc":{"start":{"line":321,"column":6},"end":{"line":325,"column":33}},"type":"binary-expr","locations":[{"start":{"line":321,"column":6},"end":{"line":321,"column":33}},{"start":{"line":322,"column":6},"end":{"line":322,"column":33}},{"start":{"line":323,"column":6},"end":{"line":323,"column":33}},{"start":{"line":324,"column":6},"end":{"line":324,"column":33}},{"start":{"line":325,"column":6},"end":{"line":325,"column":33}}]}},"s":{"0":2,"1":2,"2":2,"3":2,"4":2,"5":2,"6":2,"7":2,"8":2,"9":2,"10":2,"11":2,"12":20,"13":20,"14":20,"15":20,"16":20,"17":20,"18":20,"19":20,"20":20,"21":20,"22":20,"23":20,"24":40,"25":20,"26":20,"27":20,"28":40,"29":40,"30":200,"31":200,"32":31,"33":31,"34":31,"35":169,"36":40,"37":147,"38":40,"39":4,"40":11,"41":0,"42":40,"43":40,"44":40,"45":62,"46":36,"47":4,"48":21,"49":21,"50":21,"51":84,"52":84,"53":21,"54":40,"55":286,"56":40,"57":40,"58":40,"59":69,"60":37,"61":32,"62":3,"63":40,"64":40,"65":40,"66":1,"67":39,"68":3,"69":36,"70":2,"71":34,"72":34,"73":52,"74":1,"75":51,"76":5,"77":46,"78":18,"79":3,"80":15,"81":2,"82":13,"83":28,"84":11,"85":17,"86":2,"87":15,"88":0,"89":76,"90":40,"91":40,"92":21,"93":19,"94":19,"95":64,"96":6,"97":58,"98":18,"99":11,"100":7,"101":0,"102":7,"103":4,"104":19,"105":3,"106":2,"107":2,"108":0,"109":0,"110":0,"111":0,"112":0,"113":0,"114":0,"115":0,"116":0,"117":0,"118":1,"119":1,"120":0,"121":0,"122":0,"123":0,"124":3,"125":29,"126":1,"127":3,"128":3,"129":0,"130":0,"131":0,"132":0,"133":0,"134":0,"135":0,"136":0,"137":1,"138":1,"139":3,"140":1,"141":2,"142":9,"143":45,"144":2},"f":{"0":2,"1":20,"2":20,"3":40,"4":20,"5":40,"6":200,"7":147,"8":4,"9":11,"10":0,"11":40,"12":21,"13":40,"14":286,"15":40,"16":76,"17":40,"18":64,"19":3,"20":29,"21":1,"22":3,"23":9,"24":45},"b":{"0":[2,2],"1":[31,169],"2":[31],"3":[36],"4":[84],"5":[37,32],"6":[1,39],"7":[40,4],"8":[3,36],"9":[2,34],"10":[1,51],"11":[5,46],"12":[18,28],"13":[3,15],"14":[2,13],"15":[11,17],"16":[2,15],"17":[21],"18":[40,37,35,34],"19":[6,58],"20":[64,63],"21":[18],"22":[11,7],"23":[0,7],"24":[7,4],"25":[3,4],"26":[7,7],"27":[2,0,0,0,0,0,1,0,0],"28":[0,0,0,0,1],"29":[1,2],"30":[3,3,3,3,3]}}
}
