TN:
SF:src\Card.tsx
FN:1,(anonymous_0)
FN:8,(anonymous_1)
FN:29,(anonymous_2)
FN:34,(anonymous_3)
FN:38,(anonymous_4)
FN:42,(anonymous_5)
FNF:6
FNH:6
FNDA:2,(anonymous_0)
FNDA:2,(anonymous_1)
FNDA:1132,(anonymous_2)
FNDA:102,(anonymous_3)
FNDA:1070,(anonymous_4)
FNDA:45,(anonymous_5)
DA:1,2
DA:2,2
DA:3,2
DA:4,2
DA:5,2
DA:8,2
DA:9,2
DA:10,2
DA:11,2
DA:12,2
DA:13,2
DA:14,2
DA:15,2
DA:16,2
DA:17,2
DA:18,2
DA:19,2
DA:20,2
DA:21,2
DA:30,1132
DA:31,1132
DA:35,102
DA:39,1070
DA:44,45
DA:46,9
DA:47,9
DA:49,9
DA:50,9
DA:52,13
DA:53,13
DA:55,14
DA:56,14
DA:59,45
DA:61,0
DA:62,0
DA:64,0
DA:65,0
DA:67,1
DA:68,1
DA:70,5
DA:71,5
DA:73,2
DA:74,2
DA:76,45
DA:83,8
DA:85,37
DA:90,2
LF:47
LH:43
BRDA:1,0,0,2
BRDA:1,0,1,2
BRDA:8,1,0,2
BRDA:8,1,1,2
BRDA:44,2,0,9
BRDA:44,2,1,9
BRDA:44,2,2,13
BRDA:44,2,3,14
BRDA:59,3,0,0
BRDA:59,3,1,0
BRDA:59,3,2,1
BRDA:59,3,3,5
BRDA:59,3,4,2
BRDA:76,4,0,8
BRDA:76,4,1,37
BRDA:77,5,0,45
BRDA:77,5,1,45
BRDA:77,5,2,45
BRDA:77,5,3,44
BRDA:77,5,4,39
BRF:20
BRH:18
end_of_record
TN:
SF:src\Deck.tsx
FN:9,(anonymous_1)
FN:16,(anonymous_2)
FN:21,(anonymous_3)
FN:23,(anonymous_4)
FN:26,(anonymous_5)
FN:27,(anonymous_6)
FN:39,(anonymous_7)
FNF:7
FNH:7
FNDA:20,(anonymous_1)
FNDA:20,(anonymous_2)
FNDA:20,(anonymous_3)
FNDA:80,(anonymous_4)
FNDA:2080,(anonymous_5)
FNDA:1040,(anonymous_6)
FNDA:20,(anonymous_7)
DA:1,2
DA:2,2
DA:11,20
DA:13,20
DA:17,20
DA:23,20
DA:24,80
DA:26,2080
DA:29,1040
DA:30,1040
DA:31,1040
DA:32,1040
DA:33,1040
DA:40,20
DA:41,20
DA:42,1020
DA:43,1020
DA:44,1020
DA:45,1020
DA:50,2
LF:20
LH:20
BRF:0
BRH:0
end_of_record
TN:
SF:src\Game.tsx
FN:5,(anonymous_0)
FN:9,(anonymous_1)
FN:12,(anonymous_2)
FN:27,(anonymous_3)
FNF:4
FNH:4
FNDA:2,(anonymous_0)
FNDA:8,(anonymous_1)
FNDA:8,(anonymous_2)
FNDA:4,(anonymous_3)
DA:7,2
DA:8,2
DA:9,8
DA:10,2
DA:11,2
DA:12,8
DA:14,2
DA:15,2
DA:16,7
DA:17,1
DA:18,1
DA:19,6
DA:20,0
DA:21,0
DA:24,1
DA:29,4
DA:30,4
DA:31,4
DA:32,4
DA:33,4
DA:34,4
DA:35,4
DA:36,4
DA:37,4
DA:40,4
DA:42,1
DA:43,3
DA:45,3
DA:47,0
DA:48,3
DA:50,2
DA:53,1
DA:57,0
DA:59,4
DA:60,3
DA:61,3
DA:62,3
DA:63,3
DA:64,3
DA:65,3
DA:67,1
DA:68,1
DA:73,1
LF:43
LH:39
BRDA:16,0,0,1
BRDA:16,0,1,6
BRDA:16,1,0,7
BRDA:16,1,1,5
BRDA:16,1,2,5
BRDA:19,2,0,0
BRDA:19,3,0,6
BRDA:19,3,1,4
BRDA:19,3,2,4
BRDA:40,4,0,1
BRDA:40,4,1,3
BRDA:43,5,0,3
BRDA:43,5,1,0
BRDA:45,6,0,0
BRDA:45,6,1,3
BRDA:48,7,0,2
BRDA:48,7,1,1
BRDA:59,8,0,3
BRDA:59,8,1,1
BRF:19
BRH:16
end_of_record
TN:
SF:src\Hand.tsx
FN:5,(anonymous_1)
FN:31,(anonymous_2)
FN:36,(anonymous_3)
FN:54,(anonymous_4)
FN:65,(anonymous_5)
FN:78,(anonymous_6)
FN:80,(anonymous_7)
FN:95,(anonymous_8)
FN:100,(anonymous_9)
FN:105,(anonymous_10)
FN:110,(anonymous_11)
FN:115,(anonymous_12)
FN:126,(anonymous_13)
FN:138,(anonymous_14)
FN:140,(anonymous_15)
FN:162,(anonymous_16)
FN:214,(anonymous_17)
FN:219,(anonymous_18)
FN:230,(anonymous_19)
FN:255,(anonymous_20)
FN:290,(anonymous_21)
FN:295,(anonymous_22)
FN:300,(anonymous_23)
FN:334,(anonymous_24)
FN:335,(anonymous_25)
FNF:25
FNH:24
FNDA:2,(anonymous_1)
FNDA:20,(anonymous_2)
FNDA:20,(anonymous_3)
FNDA:40,(anonymous_4)
FNDA:20,(anonymous_5)
FNDA:40,(anonymous_6)
FNDA:200,(anonymous_7)
FNDA:147,(anonymous_8)
FNDA:4,(anonymous_9)
FNDA:11,(anonymous_10)
FNDA:0,(anonymous_11)
FNDA:40,(anonymous_12)
FNDA:21,(anonymous_13)
FNDA:40,(anonymous_14)
FNDA:286,(anonymous_15)
FNDA:40,(anonymous_16)
FNDA:76,(anonymous_17)
FNDA:40,(anonymous_18)
FNDA:64,(anonymous_19)
FNDA:3,(anonymous_20)
FNDA:29,(anonymous_21)
FNDA:1,(anonymous_22)
FNDA:3,(anonymous_23)
FNDA:9,(anonymous_24)
FNDA:45,(anonymous_25)
DA:1,2
DA:3,2
DA:5,2
DA:6,2
DA:7,2
DA:8,2
DA:9,2
DA:10,2
DA:11,2
DA:12,2
DA:13,2
DA:14,2
DA:22,20
DA:24,20
DA:26,20
DA:28,20
DA:32,20
DA:44,20
DA:45,20
DA:46,20
DA:47,20
DA:48,20
DA:49,20
DA:50,20
DA:61,40
DA:66,20
DA:67,20
DA:68,20
DA:79,40
DA:80,40
DA:81,200
DA:83,200
DA:84,31
DA:85,31
DA:86,31
DA:91,169
DA:95,147
DA:96,40
DA:101,4
DA:106,11
DA:111,0
DA:116,40
DA:117,40
DA:118,62
DA:119,36
DA:122,4
DA:128,21
DA:129,21
DA:130,84
DA:131,84
DA:134,21
DA:140,40
DA:141,286
DA:146,40
DA:149,40
DA:151,69
DA:153,37
DA:155,32
DA:158,3
DA:163,40
DA:164,40
DA:166,40
DA:167,1
DA:168,39
DA:169,3
DA:170,36
DA:171,2
DA:175,34
DA:176,34
DA:180,52
DA:181,1
DA:182,51
DA:184,5
DA:185,46
DA:187,18
DA:189,3
DA:190,15
DA:192,2
DA:195,13
DA:199,28
DA:200,11
DA:201,17
DA:202,2
DA:205,15
DA:209,0
DA:215,76
DA:220,40
DA:221,40
DA:227,21
DA:229,19
DA:230,19
DA:232,64
DA:234,6
DA:235,58
DA:236,18
DA:238,11
DA:239,7
DA:240,0
DA:242,7
DA:246,4
DA:252,19
DA:257,3
DA:259,2
DA:260,2
DA:262,0
DA:263,0
DA:265,0
DA:266,0
DA:268,0
DA:269,0
DA:271,0
DA:272,0
DA:274,0
DA:275,0
DA:277,1
DA:278,1
DA:280,0
DA:281,0
DA:283,0
DA:284,0
DA:286,3
DA:291,29
DA:296,1
DA:302,3
DA:303,3
DA:305,0
DA:306,0
DA:308,0
DA:309,0
DA:311,0
DA:312,0
DA:314,0
DA:315,0
DA:317,1
DA:318,1
DA:320,3
DA:327,1
DA:329,2
DA:335,9
DA:336,45
DA:341,2
LF:141
LH:116
BRDA:5,0,0,2
BRDA:5,0,1,2
BRDA:83,1,0,31
BRDA:83,1,1,169
BRDA:85,2,0,31
BRDA:118,3,0,36
BRDA:130,4,0,84
BRDA:151,5,0,37
BRDA:151,5,1,32
BRDA:166,6,0,1
BRDA:166,6,1,39
BRDA:166,7,0,40
BRDA:166,7,1,4
BRDA:168,8,0,3
BRDA:168,8,1,36
BRDA:170,9,0,2
BRDA:170,9,1,34
BRDA:180,10,0,1
BRDA:180,10,1,51
BRDA:182,11,0,5
BRDA:182,11,1,46
BRDA:185,12,0,18
BRDA:185,12,1,28
BRDA:187,13,0,3
BRDA:187,13,1,15
BRDA:190,14,0,2
BRDA:190,14,1,13
BRDA:199,15,0,11
BRDA:199,15,1,17
BRDA:201,16,0,2
BRDA:201,16,1,15
BRDA:221,17,0,21
BRDA:222,18,0,40
BRDA:222,18,1,37
BRDA:222,18,2,35
BRDA:222,18,3,34
BRDA:232,19,0,6
BRDA:232,19,1,58
BRDA:232,20,0,64
BRDA:232,20,1,63
BRDA:235,21,0,18
BRDA:236,22,0,11
BRDA:236,22,1,7
BRDA:239,23,0,0
BRDA:239,23,1,7
BRDA:239,24,0,7
BRDA:239,24,1,4
BRDA:242,25,0,3
BRDA:242,25,1,4
BRDA:242,26,0,7
BRDA:242,26,1,7
BRDA:257,27,0,2
BRDA:257,27,1,0
BRDA:257,27,2,0
BRDA:257,27,3,0
BRDA:257,27,4,0
BRDA:257,27,5,0
BRDA:257,27,6,1
BRDA:257,27,7,0
BRDA:257,27,8,0
BRDA:303,28,0,0
BRDA:303,28,1,0
BRDA:303,28,2,0
BRDA:303,28,3,0
BRDA:303,28,4,1
BRDA:320,29,0,1
BRDA:320,29,1,2
BRDA:321,30,0,3
BRDA:321,30,1,3
BRDA:321,30,2,3
BRDA:321,30,3,3
BRDA:321,30,4,3
BRF:72
BRH:60
end_of_record
